2022-11-10 20:58:02,095 - main - startup - line:50 - INFO - starting Prometheus....
2022-11-10 20:58:02,095 - main - startup - line:50 - INFO - starting Prometheus....
2022-11-10 20:58:22,428 - main - startup - line:50 - INFO - starting Prometheus....
2022-11-10 20:58:22,428 - main - startup - line:50 - INFO - starting Prometheus....
2022-11-10 20:59:38,209 - main - startup - line:50 - INFO - starting Prometheus....
2022-11-10 20:59:38,209 - main - startup - line:50 - INFO - starting Prometheus....
2022-11-10 20:59:50,673 - main - main - line:55 - INFO - starting uvicorn....
2022-11-10 20:59:51,171 - main - startup - line:50 - INFO - starting Prometheus....
2022-11-10 20:59:51,171 - main - startup - line:50 - INFO - starting Prometheus....
2022-11-10 21:00:00,822 - main - startup - line:50 - INFO - starting Prometheus....
2022-11-10 21:00:00,822 - main - startup - line:50 - INFO - starting Prometheus....
2022-11-10 21:00:12,091 - main - <module> - line:59 - INFO - starting uvicorn....
2022-11-10 21:00:12,625 - main - startup - line:50 - INFO - starting Prometheus....
2022-11-10 21:00:12,625 - main - startup - line:50 - INFO - starting Prometheus....
2022-11-10 21:00:38,399 - main - startup - line:50 - INFO - starting Prometheus....
2022-11-10 21:00:38,399 - main - startup - line:50 - INFO - starting Prometheus....
2022-11-10 21:01:01,182 - main - startup - line:50 - INFO - starting Prometheus....
2022-11-10 21:01:01,182 - main - startup - line:50 - INFO - starting Prometheus....
2022-11-10 21:01:20,972 - main - startup - line:50 - INFO - starting Prometheus....
2022-11-10 21:01:20,972 - main - startup - line:50 - INFO - starting Prometheus....
2022-11-10 21:01:22,764 - main - log_requests - line:33 - INFO - rid=WQBMME start request path=/
2022-11-10 21:01:22,764 - main - log_requests - line:33 - INFO - rid=WQBMME start request path=/
2022-11-10 21:01:22,765 - main - log_requests - line:40 - INFO - rid=WQBMME completed_in=1.00ms status_code=200
2022-11-10 21:01:22,765 - main - log_requests - line:40 - INFO - rid=WQBMME completed_in=1.00ms status_code=200
2022-11-10 21:01:22,871 - main - log_requests - line:33 - INFO - rid=AJK9FL start request path=/favicon.ico
2022-11-10 21:01:22,871 - main - log_requests - line:33 - INFO - rid=AJK9FL start request path=/favicon.ico
2022-11-10 21:01:22,873 - main - log_requests - line:40 - INFO - rid=AJK9FL completed_in=1.00ms status_code=404
2022-11-10 21:01:22,873 - main - log_requests - line:40 - INFO - rid=AJK9FL completed_in=1.00ms status_code=404
2022-11-10 21:01:40,945 - main - startup - line:50 - INFO - starting Prometheus....
2022-11-10 21:01:40,945 - main - startup - line:50 - INFO - starting Prometheus....
2022-11-10 21:02:18,928 - main - startup - line:50 - INFO - starting Prometheus....
2022-11-10 21:02:18,928 - main - startup - line:50 - INFO - starting Prometheus....
2022-11-10 21:02:23,691 - main - startup - line:50 - INFO - starting Prometheus....
2022-11-10 21:02:23,691 - main - startup - line:50 - INFO - starting Prometheus....
2022-11-10 21:19:14,199 - main - log_requests - line:33 - INFO - rid=UG0K06 start request path=/
2022-11-10 21:19:14,199 - main - log_requests - line:33 - INFO - rid=UG0K06 start request path=/
2022-11-10 21:19:14,201 - main - log_requests - line:40 - INFO - rid=UG0K06 completed_in=1.00ms status_code=200
2022-11-10 21:19:14,201 - main - log_requests - line:40 - INFO - rid=UG0K06 completed_in=1.00ms status_code=200
2022-11-10 21:19:14,334 - main - log_requests - line:33 - INFO - rid=SWQGP4 start request path=/favicon.ico
2022-11-10 21:19:14,334 - main - log_requests - line:33 - INFO - rid=SWQGP4 start request path=/favicon.ico
2022-11-10 21:19:14,335 - main - log_requests - line:40 - INFO - rid=SWQGP4 completed_in=1.00ms status_code=404
2022-11-10 21:19:14,335 - main - log_requests - line:40 - INFO - rid=SWQGP4 completed_in=1.00ms status_code=404
2022-11-10 21:19:17,997 - main - log_requests - line:33 - INFO - rid=53IF2F start request path=/
2022-11-10 21:19:17,997 - main - log_requests - line:33 - INFO - rid=53IF2F start request path=/
2022-11-10 21:19:18,001 - main - log_requests - line:40 - INFO - rid=53IF2F completed_in=0.00ms status_code=200
2022-11-10 21:19:18,001 - main - log_requests - line:40 - INFO - rid=53IF2F completed_in=0.00ms status_code=200
2022-11-10 21:21:32,250 - main - log_requests - line:33 - INFO - rid=PL55PC start request path=/
2022-11-10 21:21:32,250 - main - log_requests - line:33 - INFO - rid=PL55PC start request path=/
2022-11-10 21:21:32,252 - main - log_requests - line:33 - INFO - rid=CH4HNA start request path=/
2022-11-10 21:21:32,252 - main - log_requests - line:33 - INFO - rid=CH4HNA start request path=/
2022-11-10 21:21:32,253 - main - log_requests - line:33 - INFO - rid=ZEC1Y3 start request path=/
2022-11-10 21:21:32,253 - main - log_requests - line:33 - INFO - rid=ZEC1Y3 start request path=/
2022-11-10 21:21:32,258 - main - log_requests - line:40 - INFO - rid=PL55PC completed_in=7.00ms status_code=200
2022-11-10 21:21:32,258 - main - log_requests - line:40 - INFO - rid=PL55PC completed_in=7.00ms status_code=200
2022-11-10 21:21:32,259 - main - log_requests - line:40 - INFO - rid=CH4HNA completed_in=6.00ms status_code=200
2022-11-10 21:21:32,259 - main - log_requests - line:40 - INFO - rid=CH4HNA completed_in=6.00ms status_code=200
2022-11-10 21:21:32,260 - main - log_requests - line:40 - INFO - rid=ZEC1Y3 completed_in=4.00ms status_code=200
2022-11-10 21:21:32,260 - main - log_requests - line:40 - INFO - rid=ZEC1Y3 completed_in=4.00ms status_code=200
2022-11-10 21:21:39,213 - main - log_requests - line:33 - INFO - rid=OW11JJ start request path=/
2022-11-10 21:21:39,213 - main - log_requests - line:33 - INFO - rid=OW11JJ start request path=/
2022-11-10 21:21:39,215 - main - log_requests - line:40 - INFO - rid=OW11JJ completed_in=1.01ms status_code=200
2022-11-10 21:21:39,215 - main - log_requests - line:40 - INFO - rid=OW11JJ completed_in=1.01ms status_code=200
2022-11-10 21:21:40,764 - main - log_requests - line:33 - INFO - rid=QATGND start request path=/
2022-11-10 21:21:40,764 - main - log_requests - line:33 - INFO - rid=QATGND start request path=/
2022-11-10 21:21:40,765 - main - log_requests - line:40 - INFO - rid=QATGND completed_in=1.00ms status_code=200
2022-11-10 21:21:40,765 - main - log_requests - line:40 - INFO - rid=QATGND completed_in=1.00ms status_code=200
2022-11-10 21:21:41,133 - main - log_requests - line:33 - INFO - rid=4ILW3G start request path=/
2022-11-10 21:21:41,133 - main - log_requests - line:33 - INFO - rid=4ILW3G start request path=/
2022-11-10 21:21:41,134 - main - log_requests - line:40 - INFO - rid=4ILW3G completed_in=0.00ms status_code=200
2022-11-10 21:21:41,134 - main - log_requests - line:40 - INFO - rid=4ILW3G completed_in=0.00ms status_code=200
2022-11-10 21:21:41,399 - main - log_requests - line:33 - INFO - rid=TG2FY3 start request path=/
2022-11-10 21:21:41,399 - main - log_requests - line:33 - INFO - rid=TG2FY3 start request path=/
2022-11-10 21:21:41,400 - main - log_requests - line:40 - INFO - rid=TG2FY3 completed_in=1.00ms status_code=200
2022-11-10 21:21:41,400 - main - log_requests - line:40 - INFO - rid=TG2FY3 completed_in=1.00ms status_code=200
2022-11-10 21:21:46,072 - main - log_requests - line:33 - INFO - rid=QFQ4M9 start request path=/docs
2022-11-10 21:21:46,072 - main - log_requests - line:33 - INFO - rid=QFQ4M9 start request path=/docs
2022-11-10 21:21:46,074 - main - log_requests - line:40 - INFO - rid=QFQ4M9 completed_in=1.00ms status_code=200
2022-11-10 21:21:46,074 - main - log_requests - line:40 - INFO - rid=QFQ4M9 completed_in=1.00ms status_code=200
2022-11-10 21:21:46,220 - main - log_requests - line:33 - INFO - rid=C4VAF9 start request path=/openapi.json
2022-11-10 21:21:46,220 - main - log_requests - line:33 - INFO - rid=C4VAF9 start request path=/openapi.json
2022-11-10 21:21:46,225 - main - log_requests - line:40 - INFO - rid=C4VAF9 completed_in=4.00ms status_code=200
2022-11-10 21:21:46,225 - main - log_requests - line:40 - INFO - rid=C4VAF9 completed_in=4.00ms status_code=200
2022-11-10 21:25:11,196 - main - log_requests - line:33 - INFO - rid=THPDPM start request path=/
2022-11-10 21:25:11,196 - main - log_requests - line:33 - INFO - rid=THPDPM start request path=/
2022-11-10 21:25:11,198 - main - log_requests - line:33 - INFO - rid=XISYC1 start request path=/docs
2022-11-10 21:25:11,198 - main - log_requests - line:33 - INFO - rid=XISYC1 start request path=/docs
2022-11-10 21:25:11,201 - main - log_requests - line:40 - INFO - rid=THPDPM completed_in=2.00ms status_code=200
2022-11-10 21:25:11,201 - main - log_requests - line:40 - INFO - rid=THPDPM completed_in=2.00ms status_code=200
2022-11-10 21:25:11,202 - main - log_requests - line:40 - INFO - rid=XISYC1 completed_in=3.00ms status_code=200
2022-11-10 21:25:11,202 - main - log_requests - line:40 - INFO - rid=XISYC1 completed_in=3.00ms status_code=200
2022-11-10 21:25:11,422 - main - log_requests - line:33 - INFO - rid=50B4I7 start request path=/openapi.json
2022-11-10 21:25:11,422 - main - log_requests - line:33 - INFO - rid=50B4I7 start request path=/openapi.json
2022-11-10 21:25:11,424 - main - log_requests - line:40 - INFO - rid=50B4I7 completed_in=1.00ms status_code=200
2022-11-10 21:25:11,424 - main - log_requests - line:40 - INFO - rid=50B4I7 completed_in=1.00ms status_code=200
2022-11-10 21:25:14,378 - main - log_requests - line:33 - INFO - rid=JC4DWH start request path=/
2022-11-10 21:25:14,378 - main - log_requests - line:33 - INFO - rid=JC4DWH start request path=/
2022-11-10 21:25:14,380 - main - log_requests - line:40 - INFO - rid=JC4DWH completed_in=1.00ms status_code=200
2022-11-10 21:25:14,380 - main - log_requests - line:40 - INFO - rid=JC4DWH completed_in=1.00ms status_code=200
2022-11-10 21:26:49,337 - main - log_requests - line:33 - INFO - rid=59AEB3 start request path=/docs
2022-11-10 21:26:49,337 - main - log_requests - line:33 - INFO - rid=59AEB3 start request path=/docs
2022-11-10 21:26:49,339 - main - log_requests - line:40 - INFO - rid=59AEB3 completed_in=0.97ms status_code=200
2022-11-10 21:26:49,339 - main - log_requests - line:40 - INFO - rid=59AEB3 completed_in=0.97ms status_code=200
2022-11-10 21:26:49,468 - main - log_requests - line:33 - INFO - rid=7I5HWN start request path=/openapi.json
2022-11-10 21:26:49,468 - main - log_requests - line:33 - INFO - rid=7I5HWN start request path=/openapi.json
2022-11-10 21:26:49,470 - main - log_requests - line:40 - INFO - rid=7I5HWN completed_in=1.00ms status_code=200
2022-11-10 21:26:49,470 - main - log_requests - line:40 - INFO - rid=7I5HWN completed_in=1.00ms status_code=200
2022-11-10 21:26:50,121 - main - log_requests - line:33 - INFO - rid=1UAQFI start request path=/docs
2022-11-10 21:26:50,121 - main - log_requests - line:33 - INFO - rid=1UAQFI start request path=/docs
2022-11-10 21:26:50,122 - main - log_requests - line:40 - INFO - rid=1UAQFI completed_in=1.00ms status_code=200
2022-11-10 21:26:50,122 - main - log_requests - line:40 - INFO - rid=1UAQFI completed_in=1.00ms status_code=200
2022-11-10 21:26:50,201 - main - log_requests - line:33 - INFO - rid=Q0YKX4 start request path=/openapi.json
2022-11-10 21:26:50,201 - main - log_requests - line:33 - INFO - rid=Q0YKX4 start request path=/openapi.json
2022-11-10 21:26:50,202 - main - log_requests - line:40 - INFO - rid=Q0YKX4 completed_in=0.00ms status_code=200
2022-11-10 21:26:50,202 - main - log_requests - line:40 - INFO - rid=Q0YKX4 completed_in=0.00ms status_code=200
2022-11-10 21:26:50,590 - main - log_requests - line:33 - INFO - rid=Y7KJ2W start request path=/docs
2022-11-10 21:26:50,590 - main - log_requests - line:33 - INFO - rid=Y7KJ2W start request path=/docs
2022-11-10 21:26:50,591 - main - log_requests - line:40 - INFO - rid=Y7KJ2W completed_in=0.00ms status_code=200
2022-11-10 21:26:50,591 - main - log_requests - line:40 - INFO - rid=Y7KJ2W completed_in=0.00ms status_code=200
2022-11-10 21:26:50,667 - main - log_requests - line:33 - INFO - rid=GGIXAX start request path=/openapi.json
2022-11-10 21:26:50,667 - main - log_requests - line:33 - INFO - rid=GGIXAX start request path=/openapi.json
2022-11-10 21:26:50,668 - main - log_requests - line:40 - INFO - rid=GGIXAX completed_in=0.00ms status_code=200
2022-11-10 21:26:50,668 - main - log_requests - line:40 - INFO - rid=GGIXAX completed_in=0.00ms status_code=200
2022-11-10 21:27:02,222 - main - log_requests - line:33 - INFO - rid=TGBR8Z start request path=/docs
2022-11-10 21:27:02,222 - main - log_requests - line:33 - INFO - rid=TGBR8Z start request path=/docs
2022-11-10 21:27:02,223 - main - log_requests - line:40 - INFO - rid=TGBR8Z completed_in=0.00ms status_code=200
2022-11-10 21:27:02,223 - main - log_requests - line:40 - INFO - rid=TGBR8Z completed_in=0.00ms status_code=200
2022-11-10 21:27:02,305 - main - log_requests - line:33 - INFO - rid=U0MNCP start request path=/openapi.json
2022-11-10 21:27:02,305 - main - log_requests - line:33 - INFO - rid=U0MNCP start request path=/openapi.json
2022-11-10 21:27:02,307 - main - log_requests - line:40 - INFO - rid=U0MNCP completed_in=1.01ms status_code=200
2022-11-10 21:27:02,307 - main - log_requests - line:40 - INFO - rid=U0MNCP completed_in=1.01ms status_code=200
2022-11-10 21:27:03,998 - main - log_requests - line:33 - INFO - rid=XD2IAS start request path=/
2022-11-10 21:27:03,998 - main - log_requests - line:33 - INFO - rid=XD2IAS start request path=/
2022-11-10 21:27:04,880 - main - log_requests - line:33 - INFO - rid=7AXHSD start request path=/
2022-11-10 21:27:04,880 - main - log_requests - line:33 - INFO - rid=7AXHSD start request path=/
2022-11-10 21:27:05,138 - main - log_requests - line:33 - INFO - rid=PZCTIM start request path=/
2022-11-10 21:27:05,138 - main - log_requests - line:33 - INFO - rid=PZCTIM start request path=/
2022-11-10 21:27:05,360 - main - log_requests - line:33 - INFO - rid=RPUYMG start request path=/
2022-11-10 21:27:05,360 - main - log_requests - line:33 - INFO - rid=RPUYMG start request path=/
2022-11-10 21:27:05,548 - main - log_requests - line:33 - INFO - rid=NUDRKJ start request path=/
2022-11-10 21:27:05,548 - main - log_requests - line:33 - INFO - rid=NUDRKJ start request path=/
2022-11-10 21:27:05,750 - main - log_requests - line:33 - INFO - rid=SA48J6 start request path=/
2022-11-10 21:27:05,750 - main - log_requests - line:33 - INFO - rid=SA48J6 start request path=/
2022-11-10 21:27:47,801 - main - log_requests - line:33 - INFO - rid=XYV2Y1 start request path=/
2022-11-10 21:27:47,801 - main - log_requests - line:33 - INFO - rid=XYV2Y1 start request path=/
2022-11-10 21:27:48,280 - main - log_requests - line:33 - INFO - rid=LIYEPS start request path=/
2022-11-10 21:27:48,280 - main - log_requests - line:33 - INFO - rid=LIYEPS start request path=/
2022-11-10 21:27:48,564 - main - log_requests - line:33 - INFO - rid=I3XA9T start request path=/
2022-11-10 21:27:48,564 - main - log_requests - line:33 - INFO - rid=I3XA9T start request path=/
2022-11-10 21:27:48,791 - main - log_requests - line:33 - INFO - rid=IUN8HV start request path=/
2022-11-10 21:27:48,791 - main - log_requests - line:33 - INFO - rid=IUN8HV start request path=/
2022-11-10 21:27:49,046 - main - log_requests - line:33 - INFO - rid=L2JEI3 start request path=/
2022-11-10 21:27:49,046 - main - log_requests - line:33 - INFO - rid=L2JEI3 start request path=/
2022-11-10 21:28:21,438 - main - log_requests - line:33 - INFO - rid=H01TT3 start request path=/
2022-11-10 21:28:21,438 - main - log_requests - line:33 - INFO - rid=H01TT3 start request path=/
2022-11-10 21:28:21,593 - main - log_requests - line:33 - INFO - rid=2RXWYU start request path=/
2022-11-10 21:28:21,593 - main - log_requests - line:33 - INFO - rid=2RXWYU start request path=/
2022-11-10 21:28:22,019 - main - log_requests - line:33 - INFO - rid=IO9MW3 start request path=/
2022-11-10 21:28:22,019 - main - log_requests - line:33 - INFO - rid=IO9MW3 start request path=/
2022-11-10 21:28:22,200 - main - log_requests - line:33 - INFO - rid=EZEH3D start request path=/
2022-11-10 21:28:22,200 - main - log_requests - line:33 - INFO - rid=EZEH3D start request path=/
2022-11-10 21:28:22,387 - main - log_requests - line:33 - INFO - rid=1QN7NN start request path=/
2022-11-10 21:28:22,387 - main - log_requests - line:33 - INFO - rid=1QN7NN start request path=/
2022-11-10 21:28:48,628 - main - log_requests - line:33 - INFO - rid=2PAN4Q start request path=/
2022-11-10 21:28:48,628 - main - log_requests - line:33 - INFO - rid=2PAN4Q start request path=/
2022-11-10 21:28:48,630 - main - log_requests - line:40 - INFO - rid=2PAN4Q completed_in=1.00ms status_code=200
2022-11-10 21:28:48,630 - main - log_requests - line:40 - INFO - rid=2PAN4Q completed_in=1.00ms status_code=200
2022-11-10 21:28:49,104 - main - log_requests - line:33 - INFO - rid=XR7J7S start request path=/
2022-11-10 21:28:49,104 - main - log_requests - line:33 - INFO - rid=XR7J7S start request path=/
2022-11-10 21:28:49,300 - main - log_requests - line:33 - INFO - rid=9L0TZ8 start request path=/
2022-11-10 21:28:49,300 - main - log_requests - line:33 - INFO - rid=9L0TZ8 start request path=/
2022-11-10 21:28:49,475 - main - log_requests - line:33 - INFO - rid=9L6C6I start request path=/
2022-11-10 21:28:49,475 - main - log_requests - line:33 - INFO - rid=9L6C6I start request path=/
2022-11-10 21:28:49,649 - main - log_requests - line:33 - INFO - rid=0FN8AV start request path=/
2022-11-10 21:28:49,649 - main - log_requests - line:33 - INFO - rid=0FN8AV start request path=/
2022-11-10 21:28:50,275 - main - log_requests - line:33 - INFO - rid=SU1GAZ start request path=/
2022-11-10 21:28:50,275 - main - log_requests - line:33 - INFO - rid=SU1GAZ start request path=/
2022-11-10 21:28:50,473 - main - log_requests - line:33 - INFO - rid=RSEWHE start request path=/
2022-11-10 21:28:50,473 - main - log_requests - line:33 - INFO - rid=RSEWHE start request path=/
2022-11-10 21:28:50,732 - main - log_requests - line:33 - INFO - rid=WE93LI start request path=/
2022-11-10 21:28:50,732 - main - log_requests - line:33 - INFO - rid=WE93LI start request path=/
2022-11-10 21:28:50,934 - main - log_requests - line:33 - INFO - rid=QPPU19 start request path=/
2022-11-10 21:28:50,934 - main - log_requests - line:33 - INFO - rid=QPPU19 start request path=/
2022-11-10 21:28:51,115 - main - log_requests - line:33 - INFO - rid=X0X7IH start request path=/
2022-11-10 21:28:51,115 - main - log_requests - line:33 - INFO - rid=X0X7IH start request path=/
2022-11-10 21:28:51,697 - main - log_requests - line:33 - INFO - rid=1FWUVQ start request path=/
2022-11-10 21:28:51,697 - main - log_requests - line:33 - INFO - rid=1FWUVQ start request path=/
2022-11-10 21:28:51,883 - main - log_requests - line:33 - INFO - rid=YPOS1A start request path=/
2022-11-10 21:28:51,883 - main - log_requests - line:33 - INFO - rid=YPOS1A start request path=/
2022-11-10 21:29:13,016 - main - log_requests - line:33 - INFO - rid=SM5504 start request path=/
2022-11-10 21:29:13,016 - main - log_requests - line:33 - INFO - rid=SM5504 start request path=/
2022-11-10 21:29:13,867 - main - log_requests - line:33 - INFO - rid=1PG4CJ start request path=/
2022-11-10 21:29:13,867 - main - log_requests - line:33 - INFO - rid=1PG4CJ start request path=/
2022-11-10 21:29:14,675 - main - log_requests - line:33 - INFO - rid=849PUW start request path=/
2022-11-10 21:29:14,675 - main - log_requests - line:33 - INFO - rid=849PUW start request path=/
2022-11-10 21:29:43,092 - main - log_requests - line:33 - INFO - rid=6CLDIV start request path=/
2022-11-10 21:29:43,092 - main - log_requests - line:33 - INFO - rid=6CLDIV start request path=/
2022-11-10 21:29:43,094 - main - log_requests - line:40 - INFO - rid=6CLDIV completed_in=1.03ms status_code=200
2022-11-10 21:29:43,094 - main - log_requests - line:40 - INFO - rid=6CLDIV completed_in=1.03ms status_code=200
2022-11-10 21:29:49,489 - main - log_requests - line:33 - INFO - rid=LKV0O6 start request path=/
2022-11-10 21:29:49,489 - main - log_requests - line:33 - INFO - rid=LKV0O6 start request path=/
2022-11-10 21:30:08,144 - main - log_requests - line:33 - INFO - rid=BYU3Q4 start request path=/
2022-11-10 21:30:08,144 - main - log_requests - line:33 - INFO - rid=BYU3Q4 start request path=/
2022-11-10 21:30:08,145 - main - log_requests - line:40 - INFO - rid=BYU3Q4 completed_in=0.00ms status_code=200
2022-11-10 21:30:08,145 - main - log_requests - line:40 - INFO - rid=BYU3Q4 completed_in=0.00ms status_code=200
2022-11-10 21:30:08,829 - main - log_requests - line:33 - INFO - rid=192TI4 start request path=/
2022-11-10 21:30:08,829 - main - log_requests - line:33 - INFO - rid=192TI4 start request path=/
2022-11-10 21:30:08,830 - main - log_requests - line:40 - INFO - rid=192TI4 completed_in=0.00ms status_code=200
2022-11-10 21:30:08,830 - main - log_requests - line:40 - INFO - rid=192TI4 completed_in=0.00ms status_code=200
2022-11-10 21:30:09,358 - main - log_requests - line:33 - INFO - rid=CJG3I9 start request path=/
2022-11-10 21:30:09,358 - main - log_requests - line:33 - INFO - rid=CJG3I9 start request path=/
2022-11-10 21:30:09,359 - main - log_requests - line:40 - INFO - rid=CJG3I9 completed_in=1.00ms status_code=200
2022-11-10 21:30:09,359 - main - log_requests - line:40 - INFO - rid=CJG3I9 completed_in=1.00ms status_code=200
2022-11-10 21:31:11,103 - main - log_requests - line:33 - INFO - rid=QUBCV5 start request path=/docs
2022-11-10 21:31:11,103 - main - log_requests - line:33 - INFO - rid=QUBCV5 start request path=/docs
2022-11-10 21:31:11,104 - main - log_requests - line:40 - INFO - rid=QUBCV5 completed_in=0.00ms status_code=200
2022-11-10 21:31:11,104 - main - log_requests - line:40 - INFO - rid=QUBCV5 completed_in=0.00ms status_code=200
2022-11-10 21:31:11,203 - main - log_requests - line:33 - INFO - rid=WSSAUB start request path=/openapi.json
2022-11-10 21:31:11,203 - main - log_requests - line:33 - INFO - rid=WSSAUB start request path=/openapi.json
2022-11-10 21:31:11,204 - main - log_requests - line:40 - INFO - rid=WSSAUB completed_in=1.00ms status_code=200
2022-11-10 21:31:11,204 - main - log_requests - line:40 - INFO - rid=WSSAUB completed_in=1.00ms status_code=200
2022-11-10 21:31:13,954 - main - log_requests - line:33 - INFO - rid=P3K9LH start request path=/
2022-11-10 21:31:13,954 - main - log_requests - line:33 - INFO - rid=P3K9LH start request path=/
2022-11-10 21:31:13,955 - main - log_requests - line:40 - INFO - rid=P3K9LH completed_in=0.00ms status_code=200
2022-11-10 21:31:13,955 - main - log_requests - line:40 - INFO - rid=P3K9LH completed_in=0.00ms status_code=200
2022-11-10 21:31:15,157 - main - log_requests - line:33 - INFO - rid=S0IH3G start request path=/
2022-11-10 21:31:15,157 - main - log_requests - line:33 - INFO - rid=S0IH3G start request path=/
2022-11-10 21:31:15,159 - main - log_requests - line:40 - INFO - rid=S0IH3G completed_in=1.01ms status_code=200
2022-11-10 21:31:15,159 - main - log_requests - line:40 - INFO - rid=S0IH3G completed_in=1.01ms status_code=200
2022-11-10 21:31:15,538 - main - log_requests - line:33 - INFO - rid=HEQ6C8 start request path=/
2022-11-10 21:31:15,538 - main - log_requests - line:33 - INFO - rid=HEQ6C8 start request path=/
2022-11-10 21:31:15,540 - main - log_requests - line:40 - INFO - rid=HEQ6C8 completed_in=0.00ms status_code=200
2022-11-10 21:31:15,540 - main - log_requests - line:40 - INFO - rid=HEQ6C8 completed_in=0.00ms status_code=200
2022-11-10 21:31:15,770 - main - log_requests - line:33 - INFO - rid=AWJC6Q start request path=/
2022-11-10 21:31:15,770 - main - log_requests - line:33 - INFO - rid=AWJC6Q start request path=/
2022-11-10 21:31:15,772 - main - log_requests - line:40 - INFO - rid=AWJC6Q completed_in=1.00ms status_code=200
2022-11-10 21:31:15,772 - main - log_requests - line:40 - INFO - rid=AWJC6Q completed_in=1.00ms status_code=200
2022-11-10 21:31:16,040 - main - log_requests - line:33 - INFO - rid=WWBJCA start request path=/
2022-11-10 21:31:16,040 - main - log_requests - line:33 - INFO - rid=WWBJCA start request path=/
2022-11-10 21:31:16,042 - main - log_requests - line:40 - INFO - rid=WWBJCA completed_in=0.00ms status_code=200
2022-11-10 21:31:16,042 - main - log_requests - line:40 - INFO - rid=WWBJCA completed_in=0.00ms status_code=200
2022-11-10 21:31:16,315 - main - log_requests - line:33 - INFO - rid=9RC0LI start request path=/
2022-11-10 21:31:16,315 - main - log_requests - line:33 - INFO - rid=9RC0LI start request path=/
2022-11-10 21:31:16,317 - main - log_requests - line:40 - INFO - rid=9RC0LI completed_in=1.00ms status_code=200
2022-11-10 21:31:16,317 - main - log_requests - line:40 - INFO - rid=9RC0LI completed_in=1.00ms status_code=200
2022-11-10 21:31:16,547 - main - log_requests - line:33 - INFO - rid=A4NFQQ start request path=/
2022-11-10 21:31:16,547 - main - log_requests - line:33 - INFO - rid=A4NFQQ start request path=/
2022-11-10 21:31:16,549 - main - log_requests - line:40 - INFO - rid=A4NFQQ completed_in=1.00ms status_code=200
2022-11-10 21:31:16,549 - main - log_requests - line:40 - INFO - rid=A4NFQQ completed_in=1.00ms status_code=200
2022-11-10 21:31:16,780 - main - log_requests - line:33 - INFO - rid=WDLQKM start request path=/
2022-11-10 21:31:16,780 - main - log_requests - line:33 - INFO - rid=WDLQKM start request path=/
2022-11-10 21:31:16,781 - main - log_requests - line:40 - INFO - rid=WDLQKM completed_in=0.00ms status_code=200
2022-11-10 21:31:16,781 - main - log_requests - line:40 - INFO - rid=WDLQKM completed_in=0.00ms status_code=200
2022-11-10 22:18:44,966 - main - log_requests - line:34 - INFO - rid=MASVR7 start request path=/
2022-11-10 22:18:44,966 - main - log_requests - line:34 - INFO - rid=MASVR7 start request path=/
2022-11-10 22:18:44,967 - main - log_requests - line:41 - INFO - rid=MASVR7 completed_in=0.00ms status_code=200
2022-11-10 22:18:44,967 - main - log_requests - line:41 - INFO - rid=MASVR7 completed_in=0.00ms status_code=200
2022-11-10 22:19:06,273 - main - log_requests - line:34 - INFO - rid=QTD2PE start request path=/
2022-11-10 22:19:06,273 - main - log_requests - line:34 - INFO - rid=QTD2PE start request path=/
2022-11-10 22:19:06,275 - main - log_requests - line:41 - INFO - rid=QTD2PE completed_in=1.00ms status_code=200
2022-11-10 22:19:06,275 - main - log_requests - line:41 - INFO - rid=QTD2PE completed_in=1.00ms status_code=200
2022-11-10 22:19:13,226 - main - log_requests - line:34 - INFO - rid=J4M1HZ start request path=/
2022-11-10 22:19:13,226 - main - log_requests - line:34 - INFO - rid=J4M1HZ start request path=/
2022-11-10 22:19:13,227 - main - log_requests - line:41 - INFO - rid=J4M1HZ completed_in=1.00ms status_code=200
2022-11-10 22:19:13,227 - main - log_requests - line:41 - INFO - rid=J4M1HZ completed_in=1.00ms status_code=200
2022-11-10 22:19:34,146 - main - log_requests - line:34 - INFO - rid=SLX0RE start request path=/
2022-11-10 22:19:34,146 - main - log_requests - line:34 - INFO - rid=SLX0RE start request path=/
2022-11-10 22:19:34,147 - main - log_requests - line:41 - INFO - rid=SLX0RE completed_in=0.00ms status_code=200
2022-11-10 22:19:34,147 - main - log_requests - line:41 - INFO - rid=SLX0RE completed_in=0.00ms status_code=200
2022-11-10 22:19:38,183 - main - log_requests - line:34 - INFO - rid=45YXIU start request path=/
2022-11-10 22:19:38,183 - main - log_requests - line:34 - INFO - rid=45YXIU start request path=/
2022-11-10 22:19:38,184 - main - log_requests - line:41 - INFO - rid=45YXIU completed_in=1.00ms status_code=200
2022-11-10 22:19:38,184 - main - log_requests - line:41 - INFO - rid=45YXIU completed_in=1.00ms status_code=200
2022-11-10 22:19:38,426 - main - log_requests - line:34 - INFO - rid=RXB4RO start request path=/
2022-11-10 22:19:38,426 - main - log_requests - line:34 - INFO - rid=RXB4RO start request path=/
2022-11-10 22:19:38,428 - main - log_requests - line:41 - INFO - rid=RXB4RO completed_in=0.00ms status_code=200
2022-11-10 22:19:38,428 - main - log_requests - line:41 - INFO - rid=RXB4RO completed_in=0.00ms status_code=200
2022-11-10 22:19:38,615 - main - log_requests - line:34 - INFO - rid=W29B9P start request path=/
2022-11-10 22:19:38,615 - main - log_requests - line:34 - INFO - rid=W29B9P start request path=/
2022-11-10 22:19:38,616 - main - log_requests - line:41 - INFO - rid=W29B9P completed_in=0.00ms status_code=200
2022-11-10 22:19:38,616 - main - log_requests - line:41 - INFO - rid=W29B9P completed_in=0.00ms status_code=200
2022-11-10 22:19:38,827 - main - log_requests - line:34 - INFO - rid=UCF8M2 start request path=/
2022-11-10 22:19:38,827 - main - log_requests - line:34 - INFO - rid=UCF8M2 start request path=/
2022-11-10 22:19:38,828 - main - log_requests - line:41 - INFO - rid=UCF8M2 completed_in=1.00ms status_code=200
2022-11-10 22:19:38,828 - main - log_requests - line:41 - INFO - rid=UCF8M2 completed_in=1.00ms status_code=200
2022-11-10 22:22:31,152 - main - log_requests - line:35 - INFO - rid=V6KOUI start request path=/
2022-11-10 22:22:31,152 - main - log_requests - line:35 - INFO - rid=V6KOUI start request path=/
2022-11-10 22:22:31,153 - main - log_requests - line:42 - INFO - rid=V6KOUI completed_in=1.01ms status_code=200
2022-11-10 22:22:31,153 - main - log_requests - line:42 - INFO - rid=V6KOUI completed_in=1.01ms status_code=200
2022-11-10 22:22:47,940 - main - log_requests - line:35 - INFO - rid=R94D6W start request path=/metrics
2022-11-10 22:22:47,940 - main - log_requests - line:35 - INFO - rid=R94D6W start request path=/metrics
2022-11-10 22:22:51,762 - main - log_requests - line:35 - INFO - rid=5U581R start request path=/metrics
2022-11-10 22:22:51,762 - main - log_requests - line:35 - INFO - rid=5U581R start request path=/metrics
2022-11-10 22:23:40,221 - main - log_requests - line:35 - INFO - rid=FH20KA start request path=/metrics
2022-11-10 22:23:40,221 - main - log_requests - line:35 - INFO - rid=FH20KA start request path=/metrics
2022-11-10 22:23:41,083 - main - log_requests - line:35 - INFO - rid=VE3IGD start request path=/metrics
2022-11-10 22:23:41,083 - main - log_requests - line:35 - INFO - rid=VE3IGD start request path=/metrics
2022-11-10 22:23:42,284 - main - log_requests - line:35 - INFO - rid=0SIJNT start request path=/metrics
2022-11-10 22:23:42,284 - main - log_requests - line:35 - INFO - rid=0SIJNT start request path=/metrics
2022-11-10 22:24:34,056 - main - log_requests - line:35 - INFO - rid=WHZ6AJ start request path=/metrics
2022-11-10 22:24:34,056 - main - log_requests - line:35 - INFO - rid=WHZ6AJ start request path=/metrics
2022-11-10 22:24:34,802 - main - log_requests - line:35 - INFO - rid=9541VF start request path=/metrics
2022-11-10 22:24:34,802 - main - log_requests - line:35 - INFO - rid=9541VF start request path=/metrics
2022-11-10 22:24:36,100 - main - log_requests - line:35 - INFO - rid=R3QMWO start request path=/metrics
2022-11-10 22:24:36,100 - main - log_requests - line:35 - INFO - rid=R3QMWO start request path=/metrics
2022-11-10 22:25:19,954 - main - log_requests - line:35 - INFO - rid=M9UJT7 start request path=/docs
2022-11-10 22:25:19,954 - main - log_requests - line:35 - INFO - rid=M9UJT7 start request path=/docs
2022-11-10 22:25:19,956 - main - log_requests - line:42 - INFO - rid=M9UJT7 completed_in=1.00ms status_code=200
2022-11-10 22:25:19,956 - main - log_requests - line:42 - INFO - rid=M9UJT7 completed_in=1.00ms status_code=200
2022-11-10 22:25:20,091 - main - log_requests - line:35 - INFO - rid=J6LBHF start request path=/openapi.json
2022-11-10 22:25:20,091 - main - log_requests - line:35 - INFO - rid=J6LBHF start request path=/openapi.json
2022-11-10 22:25:20,093 - main - log_requests - line:42 - INFO - rid=J6LBHF completed_in=1.00ms status_code=200
2022-11-10 22:25:20,093 - main - log_requests - line:42 - INFO - rid=J6LBHF completed_in=1.00ms status_code=200
2022-11-10 22:26:24,324 - main - log_requests - line:35 - INFO - rid=DOGPO1 start request path=/docs
2022-11-10 22:26:24,324 - main - log_requests - line:35 - INFO - rid=DOGPO1 start request path=/docs
2022-11-10 22:26:24,325 - main - log_requests - line:42 - INFO - rid=DOGPO1 completed_in=1.00ms status_code=200
2022-11-10 22:26:24,325 - main - log_requests - line:42 - INFO - rid=DOGPO1 completed_in=1.00ms status_code=200
2022-11-10 22:26:24,447 - main - log_requests - line:35 - INFO - rid=NZ5FYZ start request path=/openapi.json
2022-11-10 22:26:24,447 - main - log_requests - line:35 - INFO - rid=NZ5FYZ start request path=/openapi.json
2022-11-10 22:26:24,449 - main - log_requests - line:42 - INFO - rid=NZ5FYZ completed_in=1.00ms status_code=200
2022-11-10 22:26:24,449 - main - log_requests - line:42 - INFO - rid=NZ5FYZ completed_in=1.00ms status_code=200
2022-11-10 22:26:27,043 - main - log_requests - line:35 - INFO - rid=OFZCYH start request path=/metrics
2022-11-10 22:26:27,043 - main - log_requests - line:35 - INFO - rid=OFZCYH start request path=/metrics
2022-11-10 22:44:18,681 - main - log_requests - line:47 - INFO - rid=4RW320 start request path=/docs
2022-11-10 22:44:18,682 - main - log_requests - line:54 - INFO - rid=4RW320 completed_in=0.00ms status_code=200
2022-11-10 22:44:18,825 - main - log_requests - line:47 - INFO - rid=VGGCC9 start request path=/openapi.json
2022-11-10 22:44:18,827 - main - log_requests - line:54 - INFO - rid=VGGCC9 completed_in=1.00ms status_code=200
2022-11-10 22:44:21,759 - main - log_requests - line:47 - INFO - rid=XEJHW4 start request path=/metrics
2022-11-10 22:44:40,723 - main - log_requests - line:47 - INFO - rid=ZQVQQD start request path=/metrics
2022-11-10 22:48:38,390 - main - log_requests - line:48 - INFO - rid=QKUUV3 start request path=/
2022-11-10 22:48:38,390 - main - log_requests - line:48 - INFO - rid=QKUUV3 start request path=/
2022-11-10 22:48:38,392 - main - log_requests - line:55 - INFO - rid=QKUUV3 completed_in=1.00ms status_code=200
2022-11-10 22:48:38,392 - main - log_requests - line:55 - INFO - rid=QKUUV3 completed_in=1.00ms status_code=200
2022-11-10 22:48:43,668 - main - log_requests - line:48 - INFO - rid=APENW7 start request path=/metrics
2022-11-10 22:48:43,668 - main - log_requests - line:48 - INFO - rid=APENW7 start request path=/metrics
2022-11-10 22:49:09,353 - main - log_requests - line:48 - INFO - rid=3LJVJ6 start request path=/metrics
2022-11-10 22:49:09,353 - main - log_requests - line:48 - INFO - rid=3LJVJ6 start request path=/metrics
2022-11-10 22:49:09,356 - main - log_requests - line:55 - INFO - rid=3LJVJ6 completed_in=2.00ms status_code=200
2022-11-10 22:49:09,356 - main - log_requests - line:55 - INFO - rid=3LJVJ6 completed_in=2.00ms status_code=200
2022-11-10 22:49:14,010 - main - log_requests - line:48 - INFO - rid=WY5FY4 start request path=/metrics
2022-11-10 22:49:14,010 - main - log_requests - line:48 - INFO - rid=WY5FY4 start request path=/metrics
2022-11-10 22:49:14,011 - main - log_requests - line:55 - INFO - rid=WY5FY4 completed_in=1.00ms status_code=200
2022-11-10 22:49:14,011 - main - log_requests - line:55 - INFO - rid=WY5FY4 completed_in=1.00ms status_code=200
2022-11-10 22:49:14,550 - main - log_requests - line:48 - INFO - rid=LXQZKU start request path=/metrics
2022-11-10 22:49:14,550 - main - log_requests - line:48 - INFO - rid=LXQZKU start request path=/metrics
2022-11-10 22:49:14,552 - main - log_requests - line:55 - INFO - rid=LXQZKU completed_in=1.04ms status_code=200
2022-11-10 22:49:14,552 - main - log_requests - line:55 - INFO - rid=LXQZKU completed_in=1.04ms status_code=200
2022-11-10 22:49:15,058 - main - log_requests - line:48 - INFO - rid=AM9LQJ start request path=/metrics
2022-11-10 22:49:15,058 - main - log_requests - line:48 - INFO - rid=AM9LQJ start request path=/metrics
2022-11-10 22:49:15,060 - main - log_requests - line:55 - INFO - rid=AM9LQJ completed_in=1.01ms status_code=200
2022-11-10 22:49:15,060 - main - log_requests - line:55 - INFO - rid=AM9LQJ completed_in=1.01ms status_code=200
2022-11-10 22:50:12,942 - main - log_requests - line:48 - INFO - rid=JM7NUC start request path=/metrics
2022-11-10 22:50:12,942 - main - log_requests - line:48 - INFO - rid=JM7NUC start request path=/metrics
2022-11-10 22:50:12,946 - main - log_requests - line:55 - INFO - rid=JM7NUC completed_in=2.00ms status_code=200
2022-11-10 22:50:12,946 - main - log_requests - line:55 - INFO - rid=JM7NUC completed_in=2.00ms status_code=200
2022-11-10 22:50:13,790 - main - log_requests - line:48 - INFO - rid=QYKIGS start request path=/metrics
2022-11-10 22:50:13,790 - main - log_requests - line:48 - INFO - rid=QYKIGS start request path=/metrics
2022-11-10 22:50:13,792 - main - log_requests - line:55 - INFO - rid=QYKIGS completed_in=2.00ms status_code=200
2022-11-10 22:50:13,792 - main - log_requests - line:55 - INFO - rid=QYKIGS completed_in=2.00ms status_code=200
2022-11-10 22:50:22,340 - main - log_requests - line:48 - INFO - rid=Q2Y4JE start request path=/metrics
2022-11-10 22:50:22,340 - main - log_requests - line:48 - INFO - rid=Q2Y4JE start request path=/metrics
2022-11-10 22:50:22,342 - main - log_requests - line:55 - INFO - rid=Q2Y4JE completed_in=1.00ms status_code=200
2022-11-10 22:50:22,342 - main - log_requests - line:55 - INFO - rid=Q2Y4JE completed_in=1.00ms status_code=200
2022-11-10 22:50:22,849 - main - log_requests - line:48 - INFO - rid=T06RNN start request path=/metrics
2022-11-10 22:50:22,849 - main - log_requests - line:48 - INFO - rid=T06RNN start request path=/metrics
2022-11-10 22:50:22,851 - main - log_requests - line:55 - INFO - rid=T06RNN completed_in=1.00ms status_code=200
2022-11-10 22:50:22,851 - main - log_requests - line:55 - INFO - rid=T06RNN completed_in=1.00ms status_code=200
2022-11-10 22:50:23,232 - main - log_requests - line:48 - INFO - rid=KQC698 start request path=/metrics
2022-11-10 22:50:23,232 - main - log_requests - line:48 - INFO - rid=KQC698 start request path=/metrics
2022-11-10 22:50:23,233 - main - log_requests - line:55 - INFO - rid=KQC698 completed_in=1.00ms status_code=200
2022-11-10 22:50:23,233 - main - log_requests - line:55 - INFO - rid=KQC698 completed_in=1.00ms status_code=200
2022-11-10 22:50:23,657 - main - log_requests - line:48 - INFO - rid=ZDQ6FJ start request path=/metrics
2022-11-10 22:50:23,657 - main - log_requests - line:48 - INFO - rid=ZDQ6FJ start request path=/metrics
2022-11-10 22:50:23,659 - main - log_requests - line:55 - INFO - rid=ZDQ6FJ completed_in=0.98ms status_code=200
2022-11-10 22:50:23,659 - main - log_requests - line:55 - INFO - rid=ZDQ6FJ completed_in=0.98ms status_code=200
2022-11-10 22:50:24,077 - main - log_requests - line:48 - INFO - rid=EP1FDR start request path=/metrics
2022-11-10 22:50:24,077 - main - log_requests - line:48 - INFO - rid=EP1FDR start request path=/metrics
2022-11-10 22:50:24,080 - main - log_requests - line:55 - INFO - rid=EP1FDR completed_in=2.03ms status_code=200
2022-11-10 22:50:24,080 - main - log_requests - line:55 - INFO - rid=EP1FDR completed_in=2.03ms status_code=200
2022-11-10 22:50:24,500 - main - log_requests - line:48 - INFO - rid=O65W4K start request path=/metrics
2022-11-10 22:50:24,500 - main - log_requests - line:48 - INFO - rid=O65W4K start request path=/metrics
2022-11-10 22:50:24,503 - main - log_requests - line:55 - INFO - rid=O65W4K completed_in=1.03ms status_code=200
2022-11-10 22:50:24,503 - main - log_requests - line:55 - INFO - rid=O65W4K completed_in=1.03ms status_code=200
2022-11-10 22:50:24,905 - main - log_requests - line:48 - INFO - rid=IJ5YSW start request path=/metrics
2022-11-10 22:50:24,905 - main - log_requests - line:48 - INFO - rid=IJ5YSW start request path=/metrics
2022-11-10 22:50:24,908 - main - log_requests - line:55 - INFO - rid=IJ5YSW completed_in=2.02ms status_code=200
2022-11-10 22:50:24,908 - main - log_requests - line:55 - INFO - rid=IJ5YSW completed_in=2.02ms status_code=200
2022-11-10 22:50:25,309 - main - log_requests - line:48 - INFO - rid=D69I42 start request path=/metrics
2022-11-10 22:50:25,309 - main - log_requests - line:48 - INFO - rid=D69I42 start request path=/metrics
2022-11-10 22:50:25,314 - main - log_requests - line:55 - INFO - rid=D69I42 completed_in=3.97ms status_code=200
2022-11-10 22:50:25,314 - main - log_requests - line:55 - INFO - rid=D69I42 completed_in=3.97ms status_code=200
2022-11-10 22:50:25,771 - main - log_requests - line:48 - INFO - rid=TYTT61 start request path=/metrics
2022-11-10 22:50:25,771 - main - log_requests - line:48 - INFO - rid=TYTT61 start request path=/metrics
2022-11-10 22:50:25,773 - main - log_requests - line:55 - INFO - rid=TYTT61 completed_in=1.00ms status_code=200
2022-11-10 22:50:25,773 - main - log_requests - line:55 - INFO - rid=TYTT61 completed_in=1.00ms status_code=200
2022-11-10 22:50:26,240 - main - log_requests - line:48 - INFO - rid=NN3GHC start request path=/metrics
2022-11-10 22:50:26,240 - main - log_requests - line:48 - INFO - rid=NN3GHC start request path=/metrics
2022-11-10 22:50:26,242 - main - log_requests - line:55 - INFO - rid=NN3GHC completed_in=1.00ms status_code=200
2022-11-10 22:50:26,242 - main - log_requests - line:55 - INFO - rid=NN3GHC completed_in=1.00ms status_code=200
2022-11-10 22:50:26,645 - main - log_requests - line:48 - INFO - rid=6FN126 start request path=/metrics
2022-11-10 22:50:26,645 - main - log_requests - line:48 - INFO - rid=6FN126 start request path=/metrics
2022-11-10 22:50:26,647 - main - log_requests - line:55 - INFO - rid=6FN126 completed_in=1.00ms status_code=200
2022-11-10 22:50:26,647 - main - log_requests - line:55 - INFO - rid=6FN126 completed_in=1.00ms status_code=200
2022-11-10 22:50:27,078 - main - log_requests - line:48 - INFO - rid=50CAYE start request path=/metrics
2022-11-10 22:50:27,078 - main - log_requests - line:48 - INFO - rid=50CAYE start request path=/metrics
2022-11-10 22:50:27,080 - main - log_requests - line:55 - INFO - rid=50CAYE completed_in=1.01ms status_code=200
2022-11-10 22:50:27,080 - main - log_requests - line:55 - INFO - rid=50CAYE completed_in=1.01ms status_code=200
2022-11-10 22:50:27,469 - main - log_requests - line:48 - INFO - rid=FLOOGV start request path=/metrics
2022-11-10 22:50:27,469 - main - log_requests - line:48 - INFO - rid=FLOOGV start request path=/metrics
2022-11-10 22:50:27,471 - main - log_requests - line:55 - INFO - rid=FLOOGV completed_in=1.00ms status_code=200
2022-11-10 22:50:27,471 - main - log_requests - line:55 - INFO - rid=FLOOGV completed_in=1.00ms status_code=200
2022-11-10 22:50:27,862 - main - log_requests - line:48 - INFO - rid=OJMNMR start request path=/metrics
2022-11-10 22:50:27,862 - main - log_requests - line:48 - INFO - rid=OJMNMR start request path=/metrics
2022-11-10 22:50:27,864 - main - log_requests - line:55 - INFO - rid=OJMNMR completed_in=1.00ms status_code=200
2022-11-10 22:50:27,864 - main - log_requests - line:55 - INFO - rid=OJMNMR completed_in=1.00ms status_code=200
2022-11-10 22:50:28,240 - main - log_requests - line:48 - INFO - rid=LU776T start request path=/metrics
2022-11-10 22:50:28,240 - main - log_requests - line:48 - INFO - rid=LU776T start request path=/metrics
2022-11-10 22:50:28,243 - main - log_requests - line:55 - INFO - rid=LU776T completed_in=2.00ms status_code=200
2022-11-10 22:50:28,243 - main - log_requests - line:55 - INFO - rid=LU776T completed_in=2.00ms status_code=200
2022-11-10 22:50:28,599 - main - log_requests - line:48 - INFO - rid=W8FX05 start request path=/metrics
2022-11-10 22:50:28,599 - main - log_requests - line:48 - INFO - rid=W8FX05 start request path=/metrics
2022-11-10 22:50:28,601 - main - log_requests - line:55 - INFO - rid=W8FX05 completed_in=1.00ms status_code=200
2022-11-10 22:50:28,601 - main - log_requests - line:55 - INFO - rid=W8FX05 completed_in=1.00ms status_code=200
2022-11-10 22:50:36,435 - main - log_requests - line:48 - INFO - rid=OUV0HK start request path=/metrics
2022-11-10 22:50:36,435 - main - log_requests - line:48 - INFO - rid=OUV0HK start request path=/metrics
2022-11-10 22:50:36,437 - main - log_requests - line:55 - INFO - rid=OUV0HK completed_in=1.03ms status_code=200
2022-11-10 22:50:36,437 - main - log_requests - line:55 - INFO - rid=OUV0HK completed_in=1.03ms status_code=200
2022-11-10 22:50:36,812 - main - log_requests - line:48 - INFO - rid=7ZP4LC start request path=/metrics
2022-11-10 22:50:36,812 - main - log_requests - line:48 - INFO - rid=7ZP4LC start request path=/metrics
2022-11-10 22:50:36,814 - main - log_requests - line:55 - INFO - rid=7ZP4LC completed_in=2.00ms status_code=200
2022-11-10 22:50:36,814 - main - log_requests - line:55 - INFO - rid=7ZP4LC completed_in=2.00ms status_code=200
2022-11-10 22:50:37,136 - main - log_requests - line:48 - INFO - rid=QZ2WYM start request path=/metrics
2022-11-10 22:50:37,136 - main - log_requests - line:48 - INFO - rid=QZ2WYM start request path=/metrics
2022-11-10 22:50:37,138 - main - log_requests - line:55 - INFO - rid=QZ2WYM completed_in=0.99ms status_code=200
2022-11-10 22:50:37,138 - main - log_requests - line:55 - INFO - rid=QZ2WYM completed_in=0.99ms status_code=200
2022-11-10 22:50:37,346 - main - log_requests - line:48 - INFO - rid=BGPNU6 start request path=/metrics
2022-11-10 22:50:37,346 - main - log_requests - line:48 - INFO - rid=BGPNU6 start request path=/metrics
2022-11-10 22:50:37,347 - main - log_requests - line:55 - INFO - rid=BGPNU6 completed_in=1.00ms status_code=200
2022-11-10 22:50:37,347 - main - log_requests - line:55 - INFO - rid=BGPNU6 completed_in=1.00ms status_code=200
2022-11-10 22:50:37,564 - main - log_requests - line:48 - INFO - rid=GKOWYY start request path=/metrics
2022-11-10 22:50:37,564 - main - log_requests - line:48 - INFO - rid=GKOWYY start request path=/metrics
2022-11-10 22:50:37,567 - main - log_requests - line:55 - INFO - rid=GKOWYY completed_in=2.00ms status_code=200
2022-11-10 22:50:37,567 - main - log_requests - line:55 - INFO - rid=GKOWYY completed_in=2.00ms status_code=200
2022-11-10 22:50:37,783 - main - log_requests - line:48 - INFO - rid=4B852K start request path=/metrics
2022-11-10 22:50:37,783 - main - log_requests - line:48 - INFO - rid=4B852K start request path=/metrics
2022-11-10 22:50:37,785 - main - log_requests - line:55 - INFO - rid=4B852K completed_in=1.00ms status_code=200
2022-11-10 22:50:37,785 - main - log_requests - line:55 - INFO - rid=4B852K completed_in=1.00ms status_code=200
2022-11-10 22:50:37,989 - main - log_requests - line:48 - INFO - rid=LW1YH9 start request path=/metrics
2022-11-10 22:50:37,989 - main - log_requests - line:48 - INFO - rid=LW1YH9 start request path=/metrics
2022-11-10 22:50:37,993 - main - log_requests - line:55 - INFO - rid=LW1YH9 completed_in=1.01ms status_code=200
2022-11-10 22:50:37,993 - main - log_requests - line:55 - INFO - rid=LW1YH9 completed_in=1.01ms status_code=200
2022-11-10 22:50:38,211 - main - log_requests - line:48 - INFO - rid=P6NHKW start request path=/metrics
2022-11-10 22:50:38,211 - main - log_requests - line:48 - INFO - rid=P6NHKW start request path=/metrics
2022-11-10 22:50:38,213 - main - log_requests - line:55 - INFO - rid=P6NHKW completed_in=1.00ms status_code=200
2022-11-10 22:50:38,213 - main - log_requests - line:55 - INFO - rid=P6NHKW completed_in=1.00ms status_code=200
2022-11-10 22:50:38,413 - main - log_requests - line:48 - INFO - rid=Q42K8I start request path=/metrics
2022-11-10 22:50:38,413 - main - log_requests - line:48 - INFO - rid=Q42K8I start request path=/metrics
2022-11-10 22:50:38,415 - main - log_requests - line:55 - INFO - rid=Q42K8I completed_in=0.99ms status_code=200
2022-11-10 22:50:38,415 - main - log_requests - line:55 - INFO - rid=Q42K8I completed_in=0.99ms status_code=200
2022-11-10 22:50:38,606 - main - log_requests - line:48 - INFO - rid=BAT02S start request path=/metrics
2022-11-10 22:50:38,606 - main - log_requests - line:48 - INFO - rid=BAT02S start request path=/metrics
2022-11-10 22:50:38,608 - main - log_requests - line:55 - INFO - rid=BAT02S completed_in=1.04ms status_code=200
2022-11-10 22:50:38,608 - main - log_requests - line:55 - INFO - rid=BAT02S completed_in=1.04ms status_code=200
2022-11-10 22:50:38,793 - main - log_requests - line:48 - INFO - rid=9HVB3T start request path=/metrics
2022-11-10 22:50:38,793 - main - log_requests - line:48 - INFO - rid=9HVB3T start request path=/metrics
2022-11-10 22:50:38,795 - main - log_requests - line:55 - INFO - rid=9HVB3T completed_in=1.01ms status_code=200
2022-11-10 22:50:38,795 - main - log_requests - line:55 - INFO - rid=9HVB3T completed_in=1.01ms status_code=200
2022-11-10 22:50:38,988 - main - log_requests - line:48 - INFO - rid=J8S29Y start request path=/metrics
2022-11-10 22:50:38,988 - main - log_requests - line:48 - INFO - rid=J8S29Y start request path=/metrics
2022-11-10 22:50:38,990 - main - log_requests - line:55 - INFO - rid=J8S29Y completed_in=1.00ms status_code=200
2022-11-10 22:50:38,990 - main - log_requests - line:55 - INFO - rid=J8S29Y completed_in=1.00ms status_code=200
2022-11-10 22:50:39,173 - main - log_requests - line:48 - INFO - rid=0YUEWU start request path=/metrics
2022-11-10 22:50:39,173 - main - log_requests - line:48 - INFO - rid=0YUEWU start request path=/metrics
2022-11-10 22:50:39,175 - main - log_requests - line:55 - INFO - rid=0YUEWU completed_in=1.00ms status_code=200
2022-11-10 22:50:39,175 - main - log_requests - line:55 - INFO - rid=0YUEWU completed_in=1.00ms status_code=200
2022-11-10 22:50:39,350 - main - log_requests - line:48 - INFO - rid=Z94H8G start request path=/metrics
2022-11-10 22:50:39,350 - main - log_requests - line:48 - INFO - rid=Z94H8G start request path=/metrics
2022-11-10 22:50:39,352 - main - log_requests - line:55 - INFO - rid=Z94H8G completed_in=1.00ms status_code=200
2022-11-10 22:50:39,352 - main - log_requests - line:55 - INFO - rid=Z94H8G completed_in=1.00ms status_code=200
2022-11-10 22:50:39,525 - main - log_requests - line:48 - INFO - rid=CWW495 start request path=/metrics
2022-11-10 22:50:39,525 - main - log_requests - line:48 - INFO - rid=CWW495 start request path=/metrics
2022-11-10 22:50:39,527 - main - log_requests - line:55 - INFO - rid=CWW495 completed_in=1.00ms status_code=200
2022-11-10 22:50:39,527 - main - log_requests - line:55 - INFO - rid=CWW495 completed_in=1.00ms status_code=200
2022-11-10 22:50:39,694 - main - log_requests - line:48 - INFO - rid=P06U99 start request path=/metrics
2022-11-10 22:50:39,694 - main - log_requests - line:48 - INFO - rid=P06U99 start request path=/metrics
2022-11-10 22:50:39,695 - main - log_requests - line:55 - INFO - rid=P06U99 completed_in=1.01ms status_code=200
2022-11-10 22:50:39,695 - main - log_requests - line:55 - INFO - rid=P06U99 completed_in=1.01ms status_code=200
2022-11-10 22:50:39,849 - main - log_requests - line:48 - INFO - rid=CODUJQ start request path=/metrics
2022-11-10 22:50:39,849 - main - log_requests - line:48 - INFO - rid=CODUJQ start request path=/metrics
2022-11-10 22:50:39,851 - main - log_requests - line:55 - INFO - rid=CODUJQ completed_in=1.00ms status_code=200
2022-11-10 22:50:39,851 - main - log_requests - line:55 - INFO - rid=CODUJQ completed_in=1.00ms status_code=200
